{"name": "Тест 1: Добавить iPhone в список желаний", "status": "broken", "statusDetails": {"message": "selenium.common.exceptions.NoSuchElementException: Message: no such element: Unable to locate element: {\"method\":\"css selector\",\"selector\":\"button[data-original-title='Add to Wish List']\"}\n  (Session info: chrome=137.0.7151.69); For documentation on this error, please visit: https://www.selenium.dev/documentation/webdriver/troubleshooting/errors#no-such-element-exception\nStacktrace:\n\tGetHandleVerifier [0x0x7ff776a4fea5+79173]\n\tGetHandleVerifier [0x0x7ff776a4ff00+79264]\n\t(No symbol) [0x0x7ff776809e5a]\n\t(No symbol) [0x0x7ff776860586]\n\t(No symbol) [0x0x7ff77686083c]\n\t(No symbol) [0x0x7ff7768b4247]\n\t(No symbol) [0x0x7ff7768889af]\n\t(No symbol) [0x0x7ff7768b100d]\n\t(No symbol) [0x0x7ff776888743]\n\t(No symbol) [0x0x7ff7768514c1]\n\t(No symbol) [0x0x7ff776852253]\n\tGetHandleVerifier [0x0x7ff776d1a2dd+3004797]\n\tGetHandleVerifier [0x0x7ff776d1472d+2981325]\n\tGetHandleVerifier [0x0x7ff776d33380+3107360]\n\tGetHandleVerifier [0x0x7ff776a6aa2e+188622]\n\tGetHandleVerifier [0x0x7ff776a722bf+219487]\n\tGetHandleVerifier [0x0x7ff776a58df4+115860]\n\tGetHandleVerifier [0x0x7ff776a58fa9+116297]\n\tGetHandleVerifier [0x0x7ff776a3f558+11256]\n\tBaseThreadInitThunk [0x0x7ffc149b7374+20]\n\tRtlUserThreadStart [0x0x7ffc14c7cc91+33]", "trace": "pages = {'admin_page': <pages.admin.AdminPage object at 0x00000271E6E2F4D0>, 'cart_page': <pages.cart.CartPage object at 0x000...s.home.HomePage object at 0x00000271E6E2DA90>, 'login_page': <pages.login.LoginPage object at 0x00000271E6E2F380>, ...}\n\n    @title(\"Тест 1: Добавить iPhone в список желаний\")\n    def test_1(pages):\n        logger.info(\"Тест 1: Добавить iPhone в список желаний\")\n        home_page = pages[\"home_page\"]\n        product_page = pages[\"product_page\"]\n    \n        with step(\"Прокрутка вниз на 300 пикселей\"):\n            home_page.scroll_down(300)\n            time.sleep(1)\n    \n        with step(\"Выбор продукта: iPhone\"):\n            product_page.select_prod(\"iPhone\")\n            time.sleep(1)\n    \n        with step(\"Добавление iPhone в список желаний\"):\n>           product_page.add_to_wishlist()\n\nkt4.py:25: \n_ _ _ _ _ _ _ _ _ _ _ _ _ _ _ _ _ _ _ _ _ _ _ _ _ _ _ _ _ _ _ _ _ _ _ _ _ _ _ _ _ _ _ _ _ _ _ _ _ _ _ _ _ _ _ _ _ _ _ _ _ _ _ _ _ _ _ _ _ _ _ _ _ _ _ _ _ _ _ _ _ _ _ _ _ _ _ _ _ _ _ _ _ _ _ _ _ _ _ _ _ _ _ _ _ _ _\npages\\product.py:33: in add_to_wishlist\n    self.click(By.CSS_SELECTOR, \"button[data-original-title='Add to Wish List']\")\npages\\page.py:15: in click\n    element = self.driver.find_element(by, value)\n              ^^^^^^^^^^^^^^^^^^^^^^^^^^^^^^^^^^^\nC:\\Users\\polag\\AppData\\Local\\Programs\\Python\\Python313\\Lib\\site-packages\\selenium\\webdriver\\remote\\webdriver.py:914: in find_element\n    return self.execute(Command.FIND_ELEMENT, {\"using\": by, \"value\": value})[\"value\"]\n           ^^^^^^^^^^^^^^^^^^^^^^^^^^^^^^^^^^^^^^^^^^^^^^^^^^^^^^^^^^^^^^^^^\nC:\\Users\\polag\\AppData\\Local\\Programs\\Python\\Python313\\Lib\\site-packages\\selenium\\webdriver\\remote\\webdriver.py:447: in execute\n    self.error_handler.check_response(response)\n_ _ _ _ _ _ _ _ _ _ _ _ _ _ _ _ _ _ _ _ _ _ _ _ _ _ _ _ _ _ _ _ _ _ _ _ _ _ _ _ _ _ _ _ _ _ _ _ _ _ _ _ _ _ _ _ _ _ _ _ _ _ _ _ _ _ _ _ _ _ _ _ _ _ _ _ _ _ _ _ _ _ _ _ _ _ _ _ _ _ _ _ _ _ _ _ _ _ _ _ _ _ _ _ _ _ _\n\nself = <selenium.webdriver.remote.errorhandler.ErrorHandler object at 0x00000271E6E2E120>\nresponse = {'status': 404, 'value': '{\"value\":{\"error\":\"no such element\",\"message\":\"no such element: Unable to locate element: {\\...ff776a3f558+11256]\\\\n\\\\tBaseThreadInitThunk [0x0x7ffc149b7374+20]\\\\n\\\\tRtlUserThreadStart [0x0x7ffc14c7cc91+33]\\\\n\"}}'}\n\n    def check_response(self, response: Dict[str, Any]) -> None:\n        \"\"\"Checks that a JSON response from the WebDriver does not have an\n        error.\n    \n        :Args:\n         - response - The JSON response from the WebDriver server as a dictionary\n           object.\n    \n        :Raises: If the response contains an error message.\n        \"\"\"\n        status = response.get(\"status\", None)\n        if not status or status == ErrorCode.SUCCESS:\n            return\n        value = None\n        message = response.get(\"message\", \"\")\n        screen: str = response.get(\"screen\", \"\")\n        stacktrace = None\n        if isinstance(status, int):\n            value_json = response.get(\"value\", None)\n            if value_json and isinstance(value_json, str):\n                import json\n    \n                try:\n                    value = json.loads(value_json)\n                    if len(value) == 1:\n                        value = value[\"value\"]\n                    status = value.get(\"error\", None)\n                    if not status:\n                        status = value.get(\"status\", ErrorCode.UNKNOWN_ERROR)\n                        message = value.get(\"value\") or value.get(\"message\")\n                        if not isinstance(message, str):\n                            value = message\n                            message = message.get(\"message\")\n                    else:\n                        message = value.get(\"message\", None)\n                except ValueError:\n                    pass\n    \n        exception_class: Type[WebDriverException]\n        e = ErrorCode()\n        error_codes = [item for item in dir(e) if not item.startswith(\"__\")]\n        for error_code in error_codes:\n            error_info = getattr(ErrorCode, error_code)\n            if isinstance(error_info, list) and status in error_info:\n                exception_class = getattr(ExceptionMapping, error_code, WebDriverException)\n                break\n        else:\n            exception_class = WebDriverException\n    \n        if not value:\n            value = response[\"value\"]\n        if isinstance(value, str):\n            raise exception_class(value)\n        if message == \"\" and \"message\" in value:\n            message = value[\"message\"]\n    \n        screen = None  # type: ignore[assignment]\n        if \"screen\" in value:\n            screen = value[\"screen\"]\n    \n        stacktrace = None\n        st_value = value.get(\"stackTrace\") or value.get(\"stacktrace\")\n        if st_value:\n            if isinstance(st_value, str):\n                stacktrace = st_value.split(\"\\n\")\n            else:\n                stacktrace = []\n                try:\n                    for frame in st_value:\n                        line = frame.get(\"lineNumber\", \"\")\n                        file = frame.get(\"fileName\", \"<anonymous>\")\n                        if line:\n                            file = f\"{file}:{line}\"\n                        meth = frame.get(\"methodName\", \"<anonymous>\")\n                        if \"className\" in frame:\n                            meth = f\"{frame['className']}.{meth}\"\n                        msg = \"    at %s (%s)\"\n                        msg = msg % (meth, file)\n                        stacktrace.append(msg)\n                except TypeError:\n                    pass\n        if exception_class == UnexpectedAlertPresentException:\n            alert_text = None\n            if \"data\" in value:\n                alert_text = value[\"data\"].get(\"text\")\n            elif \"alert\" in value:\n                alert_text = value[\"alert\"].get(\"text\")\n            raise exception_class(message, screen, stacktrace, alert_text)  # type: ignore[call-arg]  # mypy is not smart enough here\n>       raise exception_class(message, screen, stacktrace)\nE       selenium.common.exceptions.NoSuchElementException: Message: no such element: Unable to locate element: {\"method\":\"css selector\",\"selector\":\"button[data-original-title='Add to Wish List']\"}\nE         (Session info: chrome=137.0.7151.69); For documentation on this error, please visit: https://www.selenium.dev/documentation/webdriver/troubleshooting/errors#no-such-element-exception\nE       Stacktrace:\nE       \tGetHandleVerifier [0x0x7ff776a4fea5+79173]\nE       \tGetHandleVerifier [0x0x7ff776a4ff00+79264]\nE       \t(No symbol) [0x0x7ff776809e5a]\nE       \t(No symbol) [0x0x7ff776860586]\nE       \t(No symbol) [0x0x7ff77686083c]\nE       \t(No symbol) [0x0x7ff7768b4247]\nE       \t(No symbol) [0x0x7ff7768889af]\nE       \t(No symbol) [0x0x7ff7768b100d]\nE       \t(No symbol) [0x0x7ff776888743]\nE       \t(No symbol) [0x0x7ff7768514c1]\nE       \t(No symbol) [0x0x7ff776852253]\nE       \tGetHandleVerifier [0x0x7ff776d1a2dd+3004797]\nE       \tGetHandleVerifier [0x0x7ff776d1472d+2981325]\nE       \tGetHandleVerifier [0x0x7ff776d33380+3107360]\nE       \tGetHandleVerifier [0x0x7ff776a6aa2e+188622]\nE       \tGetHandleVerifier [0x0x7ff776a722bf+219487]\nE       \tGetHandleVerifier [0x0x7ff776a58df4+115860]\nE       \tGetHandleVerifier [0x0x7ff776a58fa9+116297]\nE       \tGetHandleVerifier [0x0x7ff776a3f558+11256]\nE       \tBaseThreadInitThunk [0x0x7ffc149b7374+20]\nE       \tRtlUserThreadStart [0x0x7ffc14c7cc91+33]\n\nC:\\Users\\polag\\AppData\\Local\\Programs\\Python\\Python313\\Lib\\site-packages\\selenium\\webdriver\\remote\\errorhandler.py:232: NoSuchElementException"}, "steps": [{"name": "Прокрутка вниз на 300 пикселей", "status": "passed", "steps": [{"name": "Scrolling down by 300 pixels", "status": "passed", "steps": [{"name": "Scrolling to x=0, y=300", "status": "passed", "parameters": [{"name": "x", "value": "0"}, {"name": "y", "value": "300"}], "start": 1749405351259, "stop": 1749405351263}], "parameters": [{"name": "pixels", "value": "300"}], "start": 1749405351259, "stop": 1749405351263}], "start": 1749405351259, "stop": 1749405352263}, {"name": "Выбор продукта: iPhone", "status": "passed", "steps": [{"name": "Выбор продукта: 'iPhone'", "status": "passed", "parameters": [{"name": "product_title", "value": "'iPhone'"}], "start": 1749405352263, "stop": 1749405352613}], "start": 1749405352263, "stop": 1749405353613}, {"name": "Добавление iPhone в список желаний", "status": "broken", "statusDetails": {"message": "selenium.common.exceptions.NoSuchElementException: Message: no such element: Unable to locate element: {\"method\":\"css selector\",\"selector\":\"button[data-original-title='Add to Wish List']\"}\n  (Session info: chrome=137.0.7151.69); For documentation on this error, please visit: https://www.selenium.dev/documentation/webdriver/troubleshooting/errors#no-such-element-exception\nStacktrace:\n\tGetHandleVerifier [0x0x7ff776a4fea5+79173]\n\tGetHandleVerifier [0x0x7ff776a4ff00+79264]\n\t(No symbol) [0x0x7ff776809e5a]\n\t(No symbol) [0x0x7ff776860586]\n\t(No symbol) [0x0x7ff77686083c]\n\t(No symbol) [0x0x7ff7768b4247]\n\t(No symbol) [0x0x7ff7768889af]\n\t(No symbol) [0x0x7ff7768b100d]\n\t(No symbol) [0x0x7ff776888743]\n\t(No symbol) [0x0x7ff7768514c1]\n\t(No symbol) [0x0x7ff776852253]\n\tGetHandleVerifier [0x0x7ff776d1a2dd+3004797]\n\tGetHandleVerifier [0x0x7ff776d1472d+2981325]\n\tGetHandleVerifier [0x0x7ff776d33380+3107360]\n\tGetHandleVerifier [0x0x7ff776a6aa2e+188622]\n\tGetHandleVerifier [0x0x7ff776a722bf+219487]\n\tGetHandleVerifier [0x0x7ff776a58df4+115860]\n\tGetHandleVerifier [0x0x7ff776a58fa9+116297]\n\tGetHandleVerifier [0x0x7ff776a3f558+11256]\n\tBaseThreadInitThunk [0x0x7ffc149b7374+20]\n\tRtlUserThreadStart [0x0x7ffc14c7cc91+33]\n\n", "trace": "  File \"D:\\Documents\\katya\\tasks\\Study_Tests-main\\kt4.py\", line 25, in test_1\n    product_page.add_to_wishlist()\n    ~~~~~~~~~~~~~~~~~~~~~~~~~~~~^^\n  File \"C:\\Users\\polag\\AppData\\Local\\Programs\\Python\\Python313\\Lib\\site-packages\\allure_commons\\_allure.py\", line 202, in impl\n    return func(*a, **kw)\n  File \"D:\\Documents\\katya\\tasks\\Study_Tests-main\\pages\\product.py\", line 33, in add_to_wishlist\n    self.click(By.CSS_SELECTOR, \"button[data-original-title='Add to Wish List']\")\n    ~~~~~~~~~~^^^^^^^^^^^^^^^^^^^^^^^^^^^^^^^^^^^^^^^^^^^^^^^^^^^^^^^^^^^^^^^^^^^\n  File \"C:\\Users\\polag\\AppData\\Local\\Programs\\Python\\Python313\\Lib\\site-packages\\allure_commons\\_allure.py\", line 202, in impl\n    return func(*a, **kw)\n  File \"D:\\Documents\\katya\\tasks\\Study_Tests-main\\pages\\page.py\", line 15, in click\n    element = self.driver.find_element(by, value)\n  File \"C:\\Users\\polag\\AppData\\Local\\Programs\\Python\\Python313\\Lib\\site-packages\\selenium\\webdriver\\remote\\webdriver.py\", line 914, in find_element\n    return self.execute(Command.FIND_ELEMENT, {\"using\": by, \"value\": value})[\"value\"]\n           ~~~~~~~~~~~~^^^^^^^^^^^^^^^^^^^^^^^^^^^^^^^^^^^^^^^^^^^^^^^^^^^^^\n  File \"C:\\Users\\polag\\AppData\\Local\\Programs\\Python\\Python313\\Lib\\site-packages\\selenium\\webdriver\\remote\\webdriver.py\", line 447, in execute\n    self.error_handler.check_response(response)\n    ~~~~~~~~~~~~~~~~~~~~~~~~~~~~~~~~~^^^^^^^^^^\n  File \"C:\\Users\\polag\\AppData\\Local\\Programs\\Python\\Python313\\Lib\\site-packages\\selenium\\webdriver\\remote\\errorhandler.py\", line 232, in check_response\n    raise exception_class(message, screen, stacktrace)\n"}, "steps": [{"name": "Добавление продукта в избранное", "status": "broken", "statusDetails": {"message": "selenium.common.exceptions.NoSuchElementException: Message: no such element: Unable to locate element: {\"method\":\"css selector\",\"selector\":\"button[data-original-title='Add to Wish List']\"}\n  (Session info: chrome=137.0.7151.69); For documentation on this error, please visit: https://www.selenium.dev/documentation/webdriver/troubleshooting/errors#no-such-element-exception\nStacktrace:\n\tGetHandleVerifier [0x0x7ff776a4fea5+79173]\n\tGetHandleVerifier [0x0x7ff776a4ff00+79264]\n\t(No symbol) [0x0x7ff776809e5a]\n\t(No symbol) [0x0x7ff776860586]\n\t(No symbol) [0x0x7ff77686083c]\n\t(No symbol) [0x0x7ff7768b4247]\n\t(No symbol) [0x0x7ff7768889af]\n\t(No symbol) [0x0x7ff7768b100d]\n\t(No symbol) [0x0x7ff776888743]\n\t(No symbol) [0x0x7ff7768514c1]\n\t(No symbol) [0x0x7ff776852253]\n\tGetHandleVerifier [0x0x7ff776d1a2dd+3004797]\n\tGetHandleVerifier [0x0x7ff776d1472d+2981325]\n\tGetHandleVerifier [0x0x7ff776d33380+3107360]\n\tGetHandleVerifier [0x0x7ff776a6aa2e+188622]\n\tGetHandleVerifier [0x0x7ff776a722bf+219487]\n\tGetHandleVerifier [0x0x7ff776a58df4+115860]\n\tGetHandleVerifier [0x0x7ff776a58fa9+116297]\n\tGetHandleVerifier [0x0x7ff776a3f558+11256]\n\tBaseThreadInitThunk [0x0x7ffc149b7374+20]\n\tRtlUserThreadStart [0x0x7ffc14c7cc91+33]\n\n", "trace": "  File \"C:\\Users\\polag\\AppData\\Local\\Programs\\Python\\Python313\\Lib\\site-packages\\allure_commons\\_allure.py\", line 202, in impl\n    return func(*a, **kw)\n  File \"D:\\Documents\\katya\\tasks\\Study_Tests-main\\pages\\product.py\", line 33, in add_to_wishlist\n    self.click(By.CSS_SELECTOR, \"button[data-original-title='Add to Wish List']\")\n    ~~~~~~~~~~^^^^^^^^^^^^^^^^^^^^^^^^^^^^^^^^^^^^^^^^^^^^^^^^^^^^^^^^^^^^^^^^^^^\n  File \"C:\\Users\\polag\\AppData\\Local\\Programs\\Python\\Python313\\Lib\\site-packages\\allure_commons\\_allure.py\", line 202, in impl\n    return func(*a, **kw)\n  File \"D:\\Documents\\katya\\tasks\\Study_Tests-main\\pages\\page.py\", line 15, in click\n    element = self.driver.find_element(by, value)\n  File \"C:\\Users\\polag\\AppData\\Local\\Programs\\Python\\Python313\\Lib\\site-packages\\selenium\\webdriver\\remote\\webdriver.py\", line 914, in find_element\n    return self.execute(Command.FIND_ELEMENT, {\"using\": by, \"value\": value})[\"value\"]\n           ~~~~~~~~~~~~^^^^^^^^^^^^^^^^^^^^^^^^^^^^^^^^^^^^^^^^^^^^^^^^^^^^^\n  File \"C:\\Users\\polag\\AppData\\Local\\Programs\\Python\\Python313\\Lib\\site-packages\\selenium\\webdriver\\remote\\webdriver.py\", line 447, in execute\n    self.error_handler.check_response(response)\n    ~~~~~~~~~~~~~~~~~~~~~~~~~~~~~~~~~^^^^^^^^^^\n  File \"C:\\Users\\polag\\AppData\\Local\\Programs\\Python\\Python313\\Lib\\site-packages\\selenium\\webdriver\\remote\\errorhandler.py\", line 232, in check_response\n    raise exception_class(message, screen, stacktrace)\n"}, "steps": [{"name": "Clicking element: 'css selector'='button[data-original-title='Add to Wish List']'", "status": "broken", "statusDetails": {"message": "selenium.common.exceptions.NoSuchElementException: Message: no such element: Unable to locate element: {\"method\":\"css selector\",\"selector\":\"button[data-original-title='Add to Wish List']\"}\n  (Session info: chrome=137.0.7151.69); For documentation on this error, please visit: https://www.selenium.dev/documentation/webdriver/troubleshooting/errors#no-such-element-exception\nStacktrace:\n\tGetHandleVerifier [0x0x7ff776a4fea5+79173]\n\tGetHandleVerifier [0x0x7ff776a4ff00+79264]\n\t(No symbol) [0x0x7ff776809e5a]\n\t(No symbol) [0x0x7ff776860586]\n\t(No symbol) [0x0x7ff77686083c]\n\t(No symbol) [0x0x7ff7768b4247]\n\t(No symbol) [0x0x7ff7768889af]\n\t(No symbol) [0x0x7ff7768b100d]\n\t(No symbol) [0x0x7ff776888743]\n\t(No symbol) [0x0x7ff7768514c1]\n\t(No symbol) [0x0x7ff776852253]\n\tGetHandleVerifier [0x0x7ff776d1a2dd+3004797]\n\tGetHandleVerifier [0x0x7ff776d1472d+2981325]\n\tGetHandleVerifier [0x0x7ff776d33380+3107360]\n\tGetHandleVerifier [0x0x7ff776a6aa2e+188622]\n\tGetHandleVerifier [0x0x7ff776a722bf+219487]\n\tGetHandleVerifier [0x0x7ff776a58df4+115860]\n\tGetHandleVerifier [0x0x7ff776a58fa9+116297]\n\tGetHandleVerifier [0x0x7ff776a3f558+11256]\n\tBaseThreadInitThunk [0x0x7ffc149b7374+20]\n\tRtlUserThreadStart [0x0x7ffc14c7cc91+33]\n\n", "trace": "  File \"C:\\Users\\polag\\AppData\\Local\\Programs\\Python\\Python313\\Lib\\site-packages\\allure_commons\\_allure.py\", line 202, in impl\n    return func(*a, **kw)\n  File \"D:\\Documents\\katya\\tasks\\Study_Tests-main\\pages\\page.py\", line 15, in click\n    element = self.driver.find_element(by, value)\n  File \"C:\\Users\\polag\\AppData\\Local\\Programs\\Python\\Python313\\Lib\\site-packages\\selenium\\webdriver\\remote\\webdriver.py\", line 914, in find_element\n    return self.execute(Command.FIND_ELEMENT, {\"using\": by, \"value\": value})[\"value\"]\n           ~~~~~~~~~~~~^^^^^^^^^^^^^^^^^^^^^^^^^^^^^^^^^^^^^^^^^^^^^^^^^^^^^\n  File \"C:\\Users\\polag\\AppData\\Local\\Programs\\Python\\Python313\\Lib\\site-packages\\selenium\\webdriver\\remote\\webdriver.py\", line 447, in execute\n    self.error_handler.check_response(response)\n    ~~~~~~~~~~~~~~~~~~~~~~~~~~~~~~~~~^^^^^^^^^^\n  File \"C:\\Users\\polag\\AppData\\Local\\Programs\\Python\\Python313\\Lib\\site-packages\\selenium\\webdriver\\remote\\errorhandler.py\", line 232, in check_response\n    raise exception_class(message, screen, stacktrace)\n"}, "parameters": [{"name": "by", "value": "'css selector'"}, {"name": "value", "value": "'button[data-original-title='Add to Wish List']'"}], "start": 1749405353614, "stop": 1749405359632}], "start": 1749405353613, "stop": 1749405359634}], "start": 1749405353613, "stop": 1749405359635}], "attachments": [{"name": "screenshot_on_failure", "source": "d90d2817-f783-41cb-a619-552d1dcaf8ed-attachment.png", "type": "image/png"}, {"name": "log", "source": "353b7dda-218c-49d2-a97b-e9fcf9c34fc3-attachment.txt", "type": "text/plain"}], "start": 1749405351258, "stop": 1749405359637, "uuid": "725ff172-b4c9-4909-ac1c-1204a4ec0f82", "historyId": "7dede78b4084cd7ffe69819cdd8f80b0", "testCaseId": "7dede78b4084cd7ffe69819cdd8f80b0", "fullName": "kt4#test_1", "labels": [{"name": "suite", "value": "kt4"}, {"name": "host", "value": "DESKTOP-FQ1L8FN"}, {"name": "thread", "value": "17736-MainThread"}, {"name": "framework", "value": "pytest"}, {"name": "language", "value": "cpython3"}, {"name": "package", "value": "kt4"}]}