{"name": "Тест 1: Добавление iPhone в избранное", "status": "broken", "statusDetails": {"message": "selenium.common.exceptions.TimeoutException: Message:", "trace": "pages = {'admin_page': <pages.admin.AdminPage object at 0x0000020A598134D0>, 'cart_page': <pages.cart.CartPage object at 0x000...s.home.HomePage object at 0x0000020A59811A90>, 'login_page': <pages.login.LoginPage object at 0x0000020A59813380>, ...}\n\n    @title(\"Тест 1: Добавление iPhone в избранное\")\n    def test_1(pages):\n        logger.info(\"Начало теста 1: Добавление iPhone в избранное\")\n        home_page = pages[\"home_page\"]\n        product_page = pages[\"product_page\"]\n    \n        with step(\"Прокрутка вниз на 300 пикселей\"):\n            home_page.scroll_down(300)\n            time.sleep(1)\n    \n        with step(\"Выбор продукта: iPhone\"):\n            product_page.select_prod(\"iPhone\")\n            time.sleep(1)\n    \n        with step(\"Добавление iPhone в избранное\"):\n            home_page.add_to_wishlist_new(\"iPhone\")\n            time.sleep(1)\n    \n        with step(\"Проверка алерта об успехе\"):\n>           success_alert = WebDriverWait(home_page.driver, 10).until(\n                EC.presence_of_all_elements_located((By.CSS_SELECTOR, \"div.alert-success\"))\n            )\n\nkt4.py:29: \n_ _ _ _ _ _ _ _ _ _ _ _ _ _ _ _ _ _ _ _ _ _ _ _ _ _ _ _ _ _ _ _ _ _ _ _ _ _ _ _ _ _ _ _ _ _ _ _ _ _ _ _ _ _ _ _ _ _ _ _ _ _ _ _ _ _ _ _ _ _ _ _ _ _ _ _ _ _ _ _ _ _ _ _ _ _ _ _ _ _ _ _ _ _ _ _ _ _ _ _ _ _ _ _ _ _ _\n\nself = <selenium.webdriver.support.wait.WebDriverWait (session=\"526e7a628da20d7137d8592a276e8a69\")>, method = <function presence_of_all_elements_located.<locals>._predicate at 0x0000020A59859440>, message = ''\n\n    def until(self, method: Callable[[D], Union[Literal[False], T]], message: str = \"\") -> T:\n        \"\"\"Wait until the method returns a value that is not False.\n    \n        Calls the method provided with the driver as an argument until the\n        return value does not evaluate to ``False``.\n    \n        Parameters:\n        -----------\n        method: callable(WebDriver)\n            - A callable object that takes a WebDriver instance as an argument.\n    \n        message: str\n            - Optional message for :exc:`TimeoutException`\n    \n        Return:\n        -------\n        object: T\n            - The result of the last call to `method`\n    \n        Raises:\n        -------\n        TimeoutException\n            - If 'method' does not return a truthy value within the WebDriverWait\n            object's timeout\n    \n        Example:\n        --------\n        >>> from selenium.webdriver.common.by import By\n        >>> from selenium.webdriver.support.ui import WebDriverWait\n        >>> from selenium.webdriver.support import expected_conditions as EC\n    \n        # Wait until an element is visible on the page\n        >>> wait = WebDriverWait(driver, 10)\n        >>> element = wait.until(EC.visibility_of_element_located((By.ID, \"exampleId\")))\n        >>> print(element.text)\n        \"\"\"\n        screen = None\n        stacktrace = None\n    \n        end_time = time.monotonic() + self._timeout\n        while True:\n            try:\n                value = method(self._driver)\n                if value:\n                    return value\n            except self._ignored_exceptions as exc:\n                screen = getattr(exc, \"screen\", None)\n                stacktrace = getattr(exc, \"stacktrace\", None)\n            if time.monotonic() > end_time:\n                break\n            time.sleep(self._poll)\n>       raise TimeoutException(message, screen, stacktrace)\nE       selenium.common.exceptions.TimeoutException: Message:\n\nC:\\Users\\polag\\AppData\\Local\\Programs\\Python\\Python313\\Lib\\site-packages\\selenium\\webdriver\\support\\wait.py:138: TimeoutException"}, "steps": [{"name": "Прокрутка вниз на 300 пикселей", "status": "passed", "steps": [{"name": "Scrolling down by 300 pixels", "status": "passed", "steps": [{"name": "Scrolling to x=0, y=300", "status": "passed", "parameters": [{"name": "x", "value": "0"}, {"name": "y", "value": "300"}], "start": 1749404851777, "stop": 1749404851782}], "parameters": [{"name": "pixels", "value": "300"}], "start": 1749404851777, "stop": 1749404851782}], "start": 1749404851777, "stop": 1749404852782}, {"name": "Выбор продукта: iPhone", "status": "passed", "steps": [{"name": "Выбор продукта: 'iPhone'", "status": "passed", "parameters": [{"name": "product_title", "value": "'iPhone'"}], "start": 1749404852783, "stop": 1749404853097}], "start": 1749404852782, "stop": 1749404854098}, {"name": "Добавление iPhone в избранное", "status": "passed", "steps": [{"name": "Adding product to wishlist: 'iPhone'", "status": "passed", "parameters": [{"name": "product_title", "value": "'iPhone'"}], "start": 1749404854099, "stop": 1749404859112}], "start": 1749404854098, "stop": 1749404860112}, {"name": "Проверка алерта об успехе", "status": "broken", "statusDetails": {"message": "selenium.common.exceptions.TimeoutException: Message: \n\n", "trace": "  File \"D:\\Documents\\katya\\tasks\\Study_Tests-main\\kt4.py\", line 29, in test_1\n    success_alert = WebDriverWait(home_page.driver, 10).until(\n        EC.presence_of_all_elements_located((By.CSS_SELECTOR, \"div.alert-success\"))\n    )\n  File \"C:\\Users\\polag\\AppData\\Local\\Programs\\Python\\Python313\\Lib\\site-packages\\selenium\\webdriver\\support\\wait.py\", line 138, in until\n    raise TimeoutException(message, screen, stacktrace)\n"}, "start": 1749404860112, "stop": 1749404870670}], "attachments": [{"name": "screenshot_on_failure", "source": "7c39c6d9-70d6-4670-bbfb-6e4d35fe82fc-attachment.png", "type": "image/png"}, {"name": "log", "source": "8e183d95-5be2-42c3-9f92-a632b4d436af-attachment.txt", "type": "text/plain"}], "start": 1749404851777, "stop": 1749404870672, "uuid": "1a0779c3-2bae-4cc9-aa02-13980fe3b354", "historyId": "7dede78b4084cd7ffe69819cdd8f80b0", "testCaseId": "7dede78b4084cd7ffe69819cdd8f80b0", "fullName": "kt4#test_1", "labels": [{"name": "suite", "value": "kt4"}, {"name": "host", "value": "DESKTOP-FQ1L8FN"}, {"name": "thread", "value": "13860-MainThread"}, {"name": "framework", "value": "pytest"}, {"name": "language", "value": "cpython3"}, {"name": "package", "value": "kt4"}]}